<?xml version="1.0" encoding="UTF-8"?>
<testsuite xmlns:xsi="http://www.w3.org/2001/XMLSchema-instance" xsi:noNamespaceSchemaLocation="https://maven.apache.org/surefire/maven-surefire-plugin/xsd/surefire-test-report-3.0.xsd" version="3.0" name="sparadrap.dao.ClientDaoTest" time="4.745" tests="4" errors="0" skipped="0" failures="0">
  <properties>
[...]
</properties>
  <testcase name="deleteSupprimeLeClient" classname="sparadrap.dao.ClientDaoTest" time="0.839"/>
  <testcase name="updateModifieBienLeNom" classname="sparadrap.dao.ClientDaoTest" time="0.827"/>
  <testcase name="findAllRetourneAuMoinsUnClient" classname="sparadrap.dao.ClientDaoTest" time="0.282"/>
  <testcase name="insertPuisFindByIdFonctionnent" classname="sparadrap.dao.ClientDaoTest" time="0.552"/>
</testsuite>